<?xml version="1.0" encoding="UTF-8"?>
<testng-results ignored="0" total="2" passed="2" failed="0" skipped="0">
  <reporter-output>
  </reporter-output>
  <suite started-at="2023-12-23T10:11:24 IST" name="Suite" finished-at="2023-12-23T10:11:42 IST" duration-ms="17633">
    <groups>
    </groups>
    <test started-at="2023-12-23T10:11:24 IST" name="kalpesh" finished-at="2023-12-23T10:11:33 IST" duration-ms="8580">
      <class name="demo.Q17facebook_Demo">
        <test-method signature="f(java.lang.String,java.lang.String)[pri:0, instance:demo.Q17facebook_Demo@3315d2d7]" started-at="2023-12-23T10:11:24 IST" name="f" finished-at="2023-12-23T10:11:33 IST" duration-ms="8521" status="PASS">
          <params>
            <param index="0">
              <value>
                <![CDATA[9420102292]]>
              </value>
            </param>
            <param index="1">
              <value>
                <![CDATA[17111997]]>
              </value>
            </param>
          </params>
          <reporter-output>
          </reporter-output>
        </test-method> <!-- f -->
      </class> <!-- demo.Q17facebook_Demo -->
    </test> <!-- kalpesh -->
    <test started-at="2023-12-23T10:11:33 IST" name="Bt" finished-at="2023-12-23T10:11:42 IST" duration-ms="9004">
      <class name="demo.Q17facebook_Demo">
        <test-method signature="f(java.lang.String,java.lang.String)[pri:0, instance:demo.Q17facebook_Demo@5f9b2141]" started-at="2023-12-23T10:11:33 IST" name="f" finished-at="2023-12-23T10:11:42 IST" duration-ms="8997" status="PASS">
          <params>
            <param index="0">
              <value>
                <![CDATA[9420102292]]>
              </value>
            </param>
            <param index="1">
              <value>
                <![CDATA[17111997]]>
              </value>
            </param>
          </params>
          <reporter-output>
          </reporter-output>
        </test-method> <!-- f -->
      </class> <!-- demo.Q17facebook_Demo -->
    </test> <!-- Bt -->
  </suite> <!-- Suite -->
</testng-results>
